Arguments: 
  C:\Program Files\nodejs\node.exe C:\Users\Orange\AppData\Roaming\npm\node_modules\yarn\bin\yarn.js add @headlessui/react@latest

PATH: 
  C:\Windows\system32;C:\Windows;C:\Windows\System32\Wbem;C:\Windows\System32\WindowsPowerShell\v1.0\;C:\Windows\System32\OpenSSH\;C:\Program Files\Git\cmd;C:\laragon\bin\php\php-8.1.10-Win32-vs16-x64;C:\Program Files\nodejs\;C:\composer;C:\Program Files\PuTTY\;C:\chromedriver;C:\msys64\mingw64\bin;C:\Program Files\7-Zip;C:\Users\Orange\AppData\Local\Programs\Python\Python311\Scripts\;C:\Users\Orange\AppData\Local\Programs\Python\Python311\;C:\Users\Orange\AppData\Local\Microsoft\WindowsApps;C:\Users\Orange\AppData\Local\Programs\Microsoft VS Code\bin;C:\Users\Orange\AppData\Roaming\Composer\vendor\bin;C:\Users\Orange\AppData\Roaming\npm;C:\laragon\bin\php\php-8.1.10-Win32-vs16-x64;

Yarn version: 
  1.22.19

Node version: 
  18.12.0

Platform: 
  win32 x64

Trace: 
  Error: EPERM: operation not permitted, unlink 'C:\laragon\www\react-router\basic\node_modules\@esbuild\win32-x64\esbuild.exe'

npm manifest: 
  {
    "name": "basic",
    "private": true,
    "scripts": {
      "dev": "vite",
      "build": "tsc && vite build",
      "serve": "vite preview"
    },
    "dependencies": {
      "react": "^18.2.0",
      "react-dom": "^18.2.0",
      "react-router-dom": "^6.15.0"
    },
    "devDependencies": {
      "@rollup/plugin-replace": "^5.0.2",
      "@types/node": "18.x",
      "@types/react": "^18.0.27",
      "@types/react-dom": "^18.0.10",
      "@vitejs/plugin-react": "^3.0.1",
      "autoprefixer": "^10.4.16",
      "postcss": "^8.4.32",
      "tailwindcss": "^3.3.6",
      "typescript": "^4.9.5",
      "vite": "^4.0.4"
    }
  }

yarn manifest: 
  No manifest

Lockfile: 
  No lockfile
